2005.09.26 09:07 B X:\nadicinc\nadicincphp\images\pageHeaders\aboutus.gif --> www.nadicinc.com /public_html/images/pageHeaders aboutus.gif
2005.09.26 09:07 B X:\nadicinc\nadicincphp\images\pageHeaders\contactus.gif --> www.nadicinc.com /public_html/images/pageHeaders contactus.gif
2005.09.26 09:07 B X:\nadicinc\nadicincphp\images\pageHeaders\ourservices.gif --> www.nadicinc.com /public_html/images/pageHeaders ourservices.gif
2005.09.26 09:07 B X:\nadicinc\nadicincphp\images\pageHeaders\philosphy.gif --> www.nadicinc.com /public_html/images/pageHeaders philosphy.gif
2005.09.26 09:07 B X:\nadicinc\nadicincphp\images\pageHeaders\projects.gif --> www.nadicinc.com /public_html/images/pageHeaders projects.gif
2005.09.26 09:07 B X:\nadicinc\nadicincphp\images\pageHeaders\Thumbs.db --> www.nadicinc.com /public_html/images/pageHeaders Thumbs.db
2005.09.27 13:53 B X:\nadicinc\nadicincphp\images\pageHeaders\employment.gif --> www.nadicinc.com /public_html/images/pageHeaders employment.gif
2005.09.27 13:53 B X:\nadicinc\nadicincphp\images\pageHeaders\aboutus.gif --> www.nadicinc.com /public_html/images/pageHeaders aboutus.gif
2005.09.27 13:53 B X:\nadicinc\nadicincphp\images\pageHeaders\contactus.gif --> www.nadicinc.com /public_html/images/pageHeaders contactus.gif
2005.09.27 13:53 B X:\nadicinc\nadicincphp\images\pageHeaders\employment.gif --> www.nadicinc.com /public_html/images/pageHeaders employment.gif
2005.09.27 13:56 B X:\nadicinc\nadicincphp\images\pageHeaders\aboutus.gif --> www.nadicinc.com /public_html/images/pageHeaders aboutus.gif
2005.09.27 13:56 B X:\nadicinc\nadicincphp\images\pageHeaders\contactus.gif --> www.nadicinc.com /public_html/images/pageHeaders contactus.gif
2005.09.27 13:56 B X:\nadicinc\nadicincphp\images\pageHeaders\employment.gif --> www.nadicinc.com /public_html/images/pageHeaders employment.gif
2005.09.27 14:02 B X:\nadicinc\nadicincphp\images\pageHeaders\ourservices.gif --> www.nadicinc.com /public_html/images/pageHeaders ourservices.gif
2005.09.27 14:02 B X:\nadicinc\nadicincphp\images\pageHeaders\sitemap.gif --> www.nadicinc.com /public_html/images/pageHeaders sitemap.gif
2005.09.27 14:02 B X:\nadicinc\nadicincphp\images\pageHeaders\Thumbs.db --> www.nadicinc.com /public_html/images/pageHeaders Thumbs.db
2006.09.08 11:13 B C:\nadicinc\images\pageHeaders\WS_FTP.LOG <-- nadicinc.com /public_html/images/pageHeaders WS_FTP.LOG
2006.09.08 20:52 B C:\nadicinc\images\pageHeaders\abletodeliver.gif --> nadicinc.com /images/pageHeaders abletodeliver.gif
2006.09.08 20:52 B C:\nadicinc\images\pageHeaders\aboutus.gif --> nadicinc.com /images/pageHeaders aboutus.gif
2006.09.08 20:52 B C:\nadicinc\images\pageHeaders\contactus.gif --> nadicinc.com /images/pageHeaders contactus.gif
2006.09.08 20:52 B C:\nadicinc\images\pageHeaders\employment.gif --> nadicinc.com /images/pageHeaders employment.gif
2006.09.08 20:52 B C:\nadicinc\images\pageHeaders\ourservices.gif --> nadicinc.com /images/pageHeaders ourservices.gif
2006.09.08 20:52 B C:\nadicinc\images\pageHeaders\philosphy.gif --> nadicinc.com /images/pageHeaders philosphy.gif
2006.09.08 20:52 B C:\nadicinc\images\pageHeaders\projects.gif --> nadicinc.com /images/pageHeaders projects.gif
2006.09.08 20:52 B C:\nadicinc\images\pageHeaders\sitemap.gif --> nadicinc.com /images/pageHeaders sitemap.gif
2006.09.08 20:52 B C:\nadicinc\images\pageHeaders\Thumbs.db --> nadicinc.com /images/pageHeaders Thumbs.db
2006.09.08 20:52 B C:\nadicinc\images\pageHeaders\whatsnew.gif --> nadicinc.com /images/pageHeaders whatsnew.gif
