2005.09.26 09:07 B X:\nadicinc\nadicincphp\images\nav\abletodeliver.gif --> www.nadicinc.com /public_html/images/nav abletodeliver.gif
2005.09.26 09:07 B X:\nadicinc\nadicincphp\images\nav\navbg.gif --> www.nadicinc.com /public_html/images/nav navbg.gif
2005.09.26 09:07 B X:\nadicinc\nadicincphp\images\nav\navlast.gif --> www.nadicinc.com /public_html/images/nav navlast.gif
2005.09.26 09:07 B X:\nadicinc\nadicincphp\images\nav\ourapproach.gif --> www.nadicinc.com /public_html/images/nav ourapproach.gif
2005.09.26 09:07 B X:\nadicinc\nadicincphp\images\nav\Thumbs.db --> www.nadicinc.com /public_html/images/nav Thumbs.db
2005.09.26 09:07 B X:\nadicinc\nadicincphp\images\nav\whydepend.gif --> www.nadicinc.com /public_html/images/nav whydepend.gif
2005.09.27 13:52 B X:\nadicinc\nadicincphp\images\nav\navbgsel.gif --> www.nadicinc.com /public_html/images/nav navbgsel.gif
2005.09.27 13:57 B X:\nadicinc\nadicincphp\images\nav\abletodeliver.gif --> www.nadicinc.com /public_html/images/pageHeaders abletodeliver.gif
2005.09.27 13:58 B X:\nadicinc\nadicincphp\images\nav\abletodeliver.gif --> www.nadicinc.com /public_html/images/nav abletodeliver.gif
2005.09.27 13:58 B X:\nadicinc\nadicincphp\images\nav\navbg.gif --> www.nadicinc.com /public_html/images/nav navbg.gif
2005.09.27 13:58 B X:\nadicinc\nadicincphp\images\nav\navbgsel.gif --> www.nadicinc.com /public_html/images/nav navbgsel.gif
2005.09.27 14:02 B X:\nadicinc\nadicincphp\images\nav\Thumbs.db --> www.nadicinc.com /public_html/images/nav Thumbs.db
2006.09.08 11:13 B C:\nadicinc\images\nav\WS_FTP.LOG <-- nadicinc.com /public_html/images/nav WS_FTP.LOG
2006.09.08 20:52 B C:\nadicinc\images\nav\abletodeliver.gif --> nadicinc.com /images/nav abletodeliver.gif
2006.09.08 20:52 B C:\nadicinc\images\nav\navbg.gif --> nadicinc.com /images/nav navbg.gif
2006.09.08 20:52 B C:\nadicinc\images\nav\navbgsel.gif --> nadicinc.com /images/nav navbgsel.gif
2006.09.08 20:52 B C:\nadicinc\images\nav\navlast.gif --> nadicinc.com /images/nav navlast.gif
2006.09.08 20:52 B C:\nadicinc\images\nav\ourapproach.gif --> nadicinc.com /images/nav ourapproach.gif
2006.09.08 20:52 B C:\nadicinc\images\nav\Thumbs.db --> nadicinc.com /images/nav Thumbs.db
2006.09.08 20:52 B C:\nadicinc\images\nav\whydepend.gif --> nadicinc.com /images/nav whydepend.gif
