2005.09.26 09:07 B X:\nadicinc\nadicincphp\images\arrow.gif --> www.nadicinc.com /public_html/images arrow.gif
2005.09.26 09:07 B X:\nadicinc\nadicincphp\images\arrowsmall.gif --> www.nadicinc.com /public_html/images arrowsmall.gif
2005.09.26 09:07 B X:\nadicinc\nadicincphp\images\arrowsmallest.gif --> www.nadicinc.com /public_html/images arrowsmallest.gif
2005.09.26 09:07 B X:\nadicinc\nadicincphp\images\bg.gif --> www.nadicinc.com /public_html/images bg.gif
2005.09.26 09:07 B X:\nadicinc\nadicincphp\images\bottomborder.gif --> www.nadicinc.com /public_html/images bottomborder.gif
2005.09.26 09:07 B X:\nadicinc\nadicincphp\images\frontimage.jpg --> www.nadicinc.com /public_html/images frontimage.jpg
2005.09.26 09:07 B X:\nadicinc\nadicincphp\images\hardhat.jpg --> www.nadicinc.com /public_html/images hardhat.jpg
2005.09.26 09:07 B X:\nadicinc\nadicincphp\images\left.gif --> www.nadicinc.com /public_html/images left.gif
2005.09.26 09:07 B X:\nadicinc\nadicincphp\images\leftbg.gif --> www.nadicinc.com /public_html/images leftbg.gif
2005.09.26 09:07 B X:\nadicinc\nadicincphp\images\menubg.gif --> www.nadicinc.com /public_html/images menubg.gif
2005.09.26 09:07 B X:\nadicinc\nadicincphp\images\nadicinc_logo.jpg --> www.nadicinc.com /public_html/images nadicinc_logo.jpg
2005.09.26 09:07 B X:\nadicinc\nadicincphp\images\navarrow.gif --> www.nadicinc.com /public_html/images navarrow.gif
2005.09.26 09:07 B X:\nadicinc\nadicincphp\images\navbar.gif --> www.nadicinc.com /public_html/images navbar.gif
2005.09.26 09:07 B X:\nadicinc\nadicincphp\images\ourapproach.gif --> www.nadicinc.com /public_html/images ourapproach.gif
2005.09.26 09:07 B X:\nadicinc\nadicincphp\images\right.gif --> www.nadicinc.com /public_html/images right.gif
2005.09.26 09:07 B X:\nadicinc\nadicincphp\images\rightbg.gif --> www.nadicinc.com /public_html/images rightbg.gif
2005.09.26 09:08 B X:\nadicinc\nadicincphp\images\Thumbs.db --> www.nadicinc.com /public_html/images Thumbs.db
2005.09.26 09:08 B X:\nadicinc\nadicincphp\images\topborder.gif --> www.nadicinc.com /public_html/images topborder.gif
2005.09.26 09:08 B X:\nadicinc\nadicincphp\images\tractor.jpg --> www.nadicinc.com /public_html/images tractor.jpg
2005.09.26 09:08 B X:\nadicinc\nadicincphp\images\welcome.gif --> www.nadicinc.com /public_html/images welcome.gif
2005.09.26 09:08 B X:\nadicinc\nadicincphp\images\whydepend.gif --> www.nadicinc.com /public_html/images whydepend.gif
2005.09.27 13:56 B X:\nadicinc\nadicincphp\images\arrow.gif --> www.nadicinc.com /public_html/images arrow.gif
2005.09.27 13:56 B X:\nadicinc\nadicincphp\images\arrowsmall.gif --> www.nadicinc.com /public_html/images arrowsmall.gif
2005.09.27 13:56 B X:\nadicinc\nadicincphp\images\arrowsmallest.gif --> www.nadicinc.com /public_html/images arrowsmallest.gif
2005.09.27 13:56 B X:\nadicinc\nadicincphp\images\bg.gif --> www.nadicinc.com /public_html/images bg.gif
2005.09.27 13:56 B X:\nadicinc\nadicincphp\images\bottomborder.gif --> www.nadicinc.com /public_html/images bottomborder.gif
2005.09.27 13:56 B X:\nadicinc\nadicincphp\images\frontimage.jpg --> www.nadicinc.com /public_html/images frontimage.jpg
2005.09.27 13:56 B X:\nadicinc\nadicincphp\images\hardhat.jpg --> www.nadicinc.com /public_html/images hardhat.jpg
2005.09.27 13:56 B X:\nadicinc\nadicincphp\images\left.gif --> www.nadicinc.com /public_html/images left.gif
2005.09.27 13:56 B X:\nadicinc\nadicincphp\images\leftbg.gif --> www.nadicinc.com /public_html/images leftbg.gif
2005.09.27 13:56 B X:\nadicinc\nadicincphp\images\menubg.gif --> www.nadicinc.com /public_html/images menubg.gif
2005.09.27 13:56 B X:\nadicinc\nadicincphp\images\nadicinc_logo.jpg --> www.nadicinc.com /public_html/images nadicinc_logo.jpg
2005.09.27 13:56 B X:\nadicinc\nadicincphp\images\navarrow.gif --> www.nadicinc.com /public_html/images navarrow.gif
2005.09.27 13:56 B X:\nadicinc\nadicincphp\images\navarrowsel.gif --> www.nadicinc.com /public_html/images navarrowsel.gif
2005.09.27 13:58 B X:\nadicinc\nadicincphp\images\topborder.gif --> www.nadicinc.com /public_html/images topborder.gif
2005.09.27 14:02 B X:\nadicinc\nadicincphp\images\Thumbs.db --> www.nadicinc.com /public_html/images Thumbs.db
2006.09.08 11:13 B C:\nadicinc\images\WS_FTP.LOG <-- nadicinc.com /public_html/images WS_FTP.LOG
2006.09.08 20:52 B C:\nadicinc\images\aboutusdbe.php --> nadicinc.com /images aboutusdbe.php
2006.09.08 20:52 B C:\nadicinc\images\arrow.gif --> nadicinc.com /images arrow.gif
2006.09.08 20:52 B C:\nadicinc\images\arrowsmall.gif --> nadicinc.com /images arrowsmall.gif
2006.09.08 20:52 B C:\nadicinc\images\arrowsmallest.gif --> nadicinc.com /images arrowsmallest.gif
2006.09.08 20:52 B C:\nadicinc\images\bg.gif --> nadicinc.com /images bg.gif
2006.09.08 20:52 B C:\nadicinc\images\bottomborder.gif --> nadicinc.com /images bottomborder.gif
2006.09.08 20:52 B C:\nadicinc\images\drilling.jpg --> nadicinc.com /images drilling.jpg
2006.09.08 20:52 B C:\nadicinc\images\drilling2.jpg --> nadicinc.com /images drilling2.jpg
2006.09.08 20:52 B C:\nadicinc\images\fieldtest1.jpg --> nadicinc.com /images fieldtest1.jpg
2006.09.08 20:52 B C:\nadicinc\images\fieldtest2.jpg --> nadicinc.com /images fieldtest2.jpg
2006.09.08 20:52 B C:\nadicinc\images\fieldtest3.jpg --> nadicinc.com /images fieldtest3.jpg
2006.09.08 20:52 B C:\nadicinc\images\frontimage.jpg --> nadicinc.com /images frontimage.jpg
2006.09.08 20:52 B C:\nadicinc\images\geo_environment1.jpg --> nadicinc.com /images geo_environment1.jpg
2006.09.08 20:52 B C:\nadicinc\images\geo_environment2.jpg --> nadicinc.com /images geo_environment2.jpg
2006.09.08 20:52 B C:\nadicinc\images\geotechnical_services1.jpg --> nadicinc.com /images geotechnical_services1.jpg
2006.09.08 20:52 B C:\nadicinc\images\hardhat.jpg --> nadicinc.com /images hardhat.jpg
2006.09.08 20:52 B C:\nadicinc\images\left.gif --> nadicinc.com /images left.gif
2006.09.08 20:52 B C:\nadicinc\images\leftbg.gif --> nadicinc.com /images leftbg.gif
2006.09.08 20:52 B C:\nadicinc\images\menubg.gif --> nadicinc.com /images menubg.gif
2006.09.08 20:52 B C:\nadicinc\images\nadicinc_logo.jpg --> nadicinc.com /images nadicinc_logo.jpg
2006.09.08 20:52 B C:\nadicinc\images\navarrow.gif --> nadicinc.com /images navarrow.gif
2006.09.08 20:52 B C:\nadicinc\images\navarrowsel.gif --> nadicinc.com /images navarrowsel.gif
2006.09.08 20:52 B C:\nadicinc\images\navbar.gif --> nadicinc.com /images navbar.gif
2006.09.08 20:52 B C:\nadicinc\images\ourapproach.gif --> nadicinc.com /images ourapproach.gif
2006.09.08 20:52 B C:\nadicinc\images\right.gif --> nadicinc.com /images right.gif
2006.09.08 20:52 B C:\nadicinc\images\rightbg.gif --> nadicinc.com /images rightbg.gif
2006.09.08 20:52 B C:\nadicinc\images\services_geo.jpg --> nadicinc.com /images services_geo.jpg
2006.09.08 20:52 B C:\nadicinc\images\services_geo2.jpg --> nadicinc.com /images services_geo2.jpg
2006.09.08 20:52 B C:\nadicinc\images\services_got.jpg --> nadicinc.com /images services_got.jpg
2006.09.08 20:52 B C:\nadicinc\images\services_water.jpg --> nadicinc.com /images services_water.jpg
2006.09.08 20:52 B C:\nadicinc\images\services_water2.jpg --> nadicinc.com /images services_water2.jpg
2006.09.08 20:52 B C:\nadicinc\images\Thumbs.db --> nadicinc.com /images Thumbs.db
2006.09.08 20:52 B C:\nadicinc\images\topborder.gif --> nadicinc.com /images topborder.gif
2006.09.08 20:52 B C:\nadicinc\images\tractor.jpg --> nadicinc.com /images tractor.jpg
2006.09.08 20:52 B C:\nadicinc\images\welcome.gif --> nadicinc.com /images welcome.gif
2006.09.08 20:52 B C:\nadicinc\images\whydepend.gif --> nadicinc.com /images whydepend.gif
